<?xml version="1.0" encoding="UTF-8"?>
<testng-results ignored="0" total="2" passed="2" failed="0" skipped="0">
  <reporter-output>
  </reporter-output>
  <suite started-at="2020-06-03T19:47:46Z" name="Regression" finished-at="2020-06-03T19:47:49Z" duration-ms="2992">
    <groups>
      <group name="regression">
        <method signature="WeatherTest.weatherRange(java.lang.String, double, double)[pri:0, instance:api.tests.WeatherTest@67e2d983]" name="weatherRange" class="api.tests.WeatherTest"/>
        <method signature="WeatherTest.weatherRange(java.lang.String, double, double)[pri:0, instance:api.tests.WeatherTest@691a7f8f]" name="weatherRange" class="api.tests.WeatherTest"/>
      </group> <!-- regression -->
      <group name="positive">
        <method signature="WeatherTest.weatherRange(java.lang.String, double, double)[pri:0, instance:api.tests.WeatherTest@67e2d983]" name="weatherRange" class="api.tests.WeatherTest"/>
        <method signature="WeatherTest.weatherRange(java.lang.String, double, double)[pri:0, instance:api.tests.WeatherTest@691a7f8f]" name="weatherRange" class="api.tests.WeatherTest"/>
      </group> <!-- positive -->
    </groups>
    <test started-at="2020-06-03T19:47:46Z" name="Back-End Weather London Test" finished-at="2020-06-03T19:47:48Z" duration-ms="1974">
      <class name="api.tests.WeatherTest">
        <test-method signature="weatherRange(java.lang.String, double, double)[pri:0, instance:api.tests.WeatherTest@67e2d983]" started-at="2020-06-03T19:47:46Z" name="weatherRange" description="Validate temperature of a location is within an specific range" finished-at="2020-06-03T19:47:48Z" duration-ms="1950" status="PASS">
          <params>
            <param index="0">
              <value>
                <![CDATA[London,uk]]>
              </value>
            </param>
            <param index="1">
              <value>
                <![CDATA[288.0]]>
              </value>
            </param>
            <param index="2">
              <value>
                <![CDATA[289.0]]>
              </value>
            </param>
          </params>
          <reporter-output>
          </reporter-output>
        </test-method> <!-- weatherRange -->
      </class> <!-- api.tests.WeatherTest -->
    </test> <!-- Back-End Weather London Test -->
    <test started-at="2020-06-03T19:47:48Z" name="Back-End Weather Sao Paulo Tests" finished-at="2020-06-03T19:47:49Z" duration-ms="801">
      <class name="api.tests.WeatherTest">
        <test-method signature="weatherRange(java.lang.String, double, double)[pri:0, instance:api.tests.WeatherTest@691a7f8f]" started-at="2020-06-03T19:47:48Z" name="weatherRange" description="Validate temperature of a location is within an specific range" finished-at="2020-06-03T19:47:49Z" duration-ms="797" status="PASS">
          <params>
            <param index="0">
              <value>
                <![CDATA[Sao Paulo,Br]]>
              </value>
            </param>
            <param index="1">
              <value>
                <![CDATA[291.0]]>
              </value>
            </param>
            <param index="2">
              <value>
                <![CDATA[292.0]]>
              </value>
            </param>
          </params>
          <reporter-output>
          </reporter-output>
        </test-method> <!-- weatherRange -->
      </class> <!-- api.tests.WeatherTest -->
    </test> <!-- Back-End Weather Sao Paulo Tests -->
  </suite> <!-- Regression -->
</testng-results>
