<?xml version="1.0" encoding="UTF-8"?>
<!-- Generated by org.testng.reporters.JUnitXMLReporter -->
<testsuite ignored="2" hostname="CLBBRC02SJ544G8WN.local" failures="0" tests="1" name="Default test" time="1.777" errors="0" timestamp="03 Jun 2020 19:40:20 GMT">
  <testcase classname="api.tests.WeatherTest" name="weatherRange1111" time="1.759"/>
  <testcase classname="api.tests.WeatherTest" name="weatherRange" time="0.0">
    <ignored/>
  </testcase> <!-- weatherRange -->
  <testcase classname="api.tests.WeatherTest" name="weatherRangeUk" time="0.0">
    <ignored/>
  </testcase> <!-- weatherRangeUk -->
</testsuite> <!-- Default test -->
